app/build/intermediates/manifest_merge_blame_file/debug/manifest-merger-blame-debug-report.txt
1<?xml version="1.0" encoding="utf-8"?>
2<manifest xmlns:android="http://schemas.android.com/apk/res/android"
3    package="com.example.ebridge"
4    android:versionCode="1"
5    android:versionName="1.0" >
6
7    <uses-sdk
8        android:minSdkVersion="23"
8-->src\main\AndroidManifest.xml
9        android:targetSdkVersion="32" />
9-->src\main\AndroidManifest.xml
10
11    <!-- Although the *SdkVersion is captured in gradle build files, this is required for non gradle builds -->
12    <!-- <uses-sdk android:minSdkVersion="14"/> -->
13    <uses-permission android:name="android.permission.ACCESS_NETWORK_STATE" />
13-->[com.google.firebase:firebase-database:20.1.0] AndroidManifest.xml:24:5-79
13-->[com.google.firebase:firebase-database:20.1.0] AndroidManifest.xml:24:22-76
14    <uses-permission android:name="android.permission.INTERNET" />
14-->[com.google.firebase:firebase-database:20.1.0] AndroidManifest.xml:25:5-67
14-->[com.google.firebase:firebase-database:20.1.0] AndroidManifest.xml:25:22-64
15
16    <application
16-->src\main\AndroidManifest.xml:6:5-153:19
17        android:allowBackup="true"
17-->src\main\AndroidManifest.xml:7:9-35
18        android:appComponentFactory="androidx.core.app.CoreComponentFactory"
18-->[androidx.core:core:1.7.0] AndroidManifest.xml:24:18-86
19        android:dataExtractionRules="@xml/data_extraction_rules"
19-->src\main\AndroidManifest.xml:8:9-65
20        android:debuggable="true"
21        android:extractNativeLibs="false"
22        android:fullBackupContent="@xml/backup_rules"
22-->src\main\AndroidManifest.xml:9:9-54
23        android:label="@string/app_name"
23-->src\main\AndroidManifest.xml:10:9-41
24        android:supportsRtl="true"
24-->src\main\AndroidManifest.xml:11:9-35
25        android:testOnly="true"
26        android:theme="@style/Theme.EBridge" >
26-->src\main\AndroidManifest.xml:12:9-45
27        <activity
27-->src\main\AndroidManifest.xml:14:9-22:20
28            android:name="com.example.ebridge.MainActivity"
28-->src\main\AndroidManifest.xml:15:13-41
29            android:exported="true" >
29-->src\main\AndroidManifest.xml:16:13-36
30            <intent-filter>
30-->src\main\AndroidManifest.xml:17:13-21:29
31                <action android:name="android.intent.action.MAIN" />
31-->src\main\AndroidManifest.xml:18:17-69
31-->src\main\AndroidManifest.xml:18:25-66
32
33                <category android:name="android.intent.category.LAUNCHER" />
33-->src\main\AndroidManifest.xml:20:17-77
33-->src\main\AndroidManifest.xml:20:27-74
34            </intent-filter>
35        </activity>
36        <activity
36-->src\main\AndroidManifest.xml:23:9-32:20
37            android:name="com.example.ebridge.LoginActivity"
37-->src\main\AndroidManifest.xml:24:13-42
38            android:exported="true"
38-->src\main\AndroidManifest.xml:25:13-36
39            android:label="@string/app_name" >
39-->src\main\AndroidManifest.xml:26:13-45
40            <intent-filter>
40-->src\main\AndroidManifest.xml:27:13-31:29
41                <action android:name="android.intent.action.VIEW" />
41-->src\main\AndroidManifest.xml:28:17-69
41-->src\main\AndroidManifest.xml:28:25-66
42
43                <category android:name="android.intent.category.DEFAULT" />
43-->src\main\AndroidManifest.xml:30:17-76
43-->src\main\AndroidManifest.xml:30:27-73
44            </intent-filter>
45        </activity>
46        <activity
46-->src\main\AndroidManifest.xml:33:9-42:20
47            android:name="com.example.ebridge.AddSubjectActivity"
47-->src\main\AndroidManifest.xml:34:13-47
48            android:exported="true"
48-->src\main\AndroidManifest.xml:35:13-36
49            android:label="@string/app_name" >
49-->src\main\AndroidManifest.xml:36:13-45
50            <intent-filter>
50-->src\main\AndroidManifest.xml:27:13-31:29
51                <action android:name="android.intent.action.VIEW" />
51-->src\main\AndroidManifest.xml:28:17-69
51-->src\main\AndroidManifest.xml:28:25-66
52
53                <category android:name="android.intent.category.DEFAULT" />
53-->src\main\AndroidManifest.xml:30:17-76
53-->src\main\AndroidManifest.xml:30:27-73
54            </intent-filter>
55        </activity>
56        <activity
56-->src\main\AndroidManifest.xml:43:9-52:20
57            android:name="com.example.ebridge.AttendancesActivity"
57-->src\main\AndroidManifest.xml:44:13-48
58            android:exported="true"
58-->src\main\AndroidManifest.xml:45:13-36
59            android:label="@string/app_name" >
59-->src\main\AndroidManifest.xml:46:13-45
60            <intent-filter>
60-->src\main\AndroidManifest.xml:27:13-31:29
61                <action android:name="android.intent.action.VIEW" />
61-->src\main\AndroidManifest.xml:28:17-69
61-->src\main\AndroidManifest.xml:28:25-66
62
63                <category android:name="android.intent.category.DEFAULT" />
63-->src\main\AndroidManifest.xml:30:17-76
63-->src\main\AndroidManifest.xml:30:27-73
64            </intent-filter>
65        </activity>
66        <activity
66-->src\main\AndroidManifest.xml:53:9-62:20
67            android:name="com.example.ebridge.FeedbackActivity"
67-->src\main\AndroidManifest.xml:54:13-45
68            android:exported="true"
68-->src\main\AndroidManifest.xml:55:13-36
69            android:label="@string/app_name" >
69-->src\main\AndroidManifest.xml:56:13-45
70            <intent-filter>
70-->src\main\AndroidManifest.xml:27:13-31:29
71                <action android:name="android.intent.action.VIEW" />
71-->src\main\AndroidManifest.xml:28:17-69
71-->src\main\AndroidManifest.xml:28:25-66
72
73                <category android:name="android.intent.category.DEFAULT" />
73-->src\main\AndroidManifest.xml:30:17-76
73-->src\main\AndroidManifest.xml:30:27-73
74            </intent-filter>
75        </activity>
76        <activity
76-->src\main\AndroidManifest.xml:63:9-72:20
77            android:name="com.example.ebridge.HomeAdminActivity"
77-->src\main\AndroidManifest.xml:64:13-46
78            android:exported="true"
78-->src\main\AndroidManifest.xml:65:13-36
79            android:label="@string/app_name" >
79-->src\main\AndroidManifest.xml:66:13-45
80            <intent-filter>
80-->src\main\AndroidManifest.xml:27:13-31:29
81                <action android:name="android.intent.action.VIEW" />
81-->src\main\AndroidManifest.xml:28:17-69
81-->src\main\AndroidManifest.xml:28:25-66
82
83                <category android:name="android.intent.category.DEFAULT" />
83-->src\main\AndroidManifest.xml:30:17-76
83-->src\main\AndroidManifest.xml:30:27-73
84            </intent-filter>
85        </activity>
86        <activity
86-->src\main\AndroidManifest.xml:73:9-82:20
87            android:name="com.example.ebridge.HomeFacultyActivity"
87-->src\main\AndroidManifest.xml:74:13-48
88            android:exported="true"
88-->src\main\AndroidManifest.xml:75:13-36
89            android:label="@string/app_name" >
89-->src\main\AndroidManifest.xml:76:13-45
90            <intent-filter>
90-->src\main\AndroidManifest.xml:27:13-31:29
91                <action android:name="android.intent.action.VIEW" />
91-->src\main\AndroidManifest.xml:28:17-69
91-->src\main\AndroidManifest.xml:28:25-66
92
93                <category android:name="android.intent.category.DEFAULT" />
93-->src\main\AndroidManifest.xml:30:17-76
93-->src\main\AndroidManifest.xml:30:27-73
94            </intent-filter>
95        </activity>
96        <activity
96-->src\main\AndroidManifest.xml:83:9-92:20
97            android:name="com.example.ebridge.HomeStudentActivity"
97-->src\main\AndroidManifest.xml:84:13-48
98            android:exported="true"
98-->src\main\AndroidManifest.xml:85:13-36
99            android:label="@string/app_name" >
99-->src\main\AndroidManifest.xml:86:13-45
100            <intent-filter>
100-->src\main\AndroidManifest.xml:27:13-31:29
101                <action android:name="android.intent.action.VIEW" />
101-->src\main\AndroidManifest.xml:28:17-69
101-->src\main\AndroidManifest.xml:28:25-66
102
103                <category android:name="android.intent.category.DEFAULT" />
103-->src\main\AndroidManifest.xml:30:17-76
103-->src\main\AndroidManifest.xml:30:27-73
104            </intent-filter>
105        </activity>
106        <activity
106-->src\main\AndroidManifest.xml:93:9-102:20
107            android:name="com.example.ebridge.PostsActivity"
107-->src\main\AndroidManifest.xml:94:13-42
108            android:exported="true"
108-->src\main\AndroidManifest.xml:95:13-36
109            android:label="@string/app_name" >
109-->src\main\AndroidManifest.xml:96:13-45
110            <intent-filter>
110-->src\main\AndroidManifest.xml:27:13-31:29
111                <action android:name="android.intent.action.VIEW" />
111-->src\main\AndroidManifest.xml:28:17-69
111-->src\main\AndroidManifest.xml:28:25-66
112
113                <category android:name="android.intent.category.DEFAULT" />
113-->src\main\AndroidManifest.xml:30:17-76
113-->src\main\AndroidManifest.xml:30:27-73
114            </intent-filter>
115        </activity>
116        <activity
116-->src\main\AndroidManifest.xml:103:9-112:20
117            android:name="com.example.ebridge.ProfileActivity"
117-->src\main\AndroidManifest.xml:104:13-44
118            android:exported="true"
118-->src\main\AndroidManifest.xml:105:13-36
119            android:label="@string/app_name" >
119-->src\main\AndroidManifest.xml:106:13-45
120            <intent-filter>
120-->src\main\AndroidManifest.xml:27:13-31:29
121                <action android:name="android.intent.action.VIEW" />
121-->src\main\AndroidManifest.xml:28:17-69
121-->src\main\AndroidManifest.xml:28:25-66
122
123                <category android:name="android.intent.category.DEFAULT" />
123-->src\main\AndroidManifest.xml:30:17-76
123-->src\main\AndroidManifest.xml:30:27-73
124            </intent-filter>
125        </activity>
126        <activity
126-->src\main\AndroidManifest.xml:113:9-122:20
127            android:name="com.example.ebridge.RegisterActivity"
127-->src\main\AndroidManifest.xml:114:13-45
128            android:exported="true"
128-->src\main\AndroidManifest.xml:115:13-36
129            android:label="@string/app_name" >
129-->src\main\AndroidManifest.xml:116:13-45
130            <intent-filter>
130-->src\main\AndroidManifest.xml:27:13-31:29
131                <action android:name="android.intent.action.VIEW" />
131-->src\main\AndroidManifest.xml:28:17-69
131-->src\main\AndroidManifest.xml:28:25-66
132
133                <category android:name="android.intent.category.DEFAULT" />
133-->src\main\AndroidManifest.xml:30:17-76
133-->src\main\AndroidManifest.xml:30:27-73
134            </intent-filter>
135        </activity>
136        <activity
136-->src\main\AndroidManifest.xml:123:9-132:20
137            android:name="com.example.ebridge.ResourcesActivity"
137-->src\main\AndroidManifest.xml:124:13-46
138            android:exported="true"
138-->src\main\AndroidManifest.xml:125:13-36
139            android:label="@string/app_name" >
139-->src\main\AndroidManifest.xml:126:13-45
140            <intent-filter>
140-->src\main\AndroidManifest.xml:27:13-31:29
141                <action android:name="android.intent.action.VIEW" />
141-->src\main\AndroidManifest.xml:28:17-69
141-->src\main\AndroidManifest.xml:28:25-66
142
143                <category android:name="android.intent.category.DEFAULT" />
143-->src\main\AndroidManifest.xml:30:17-76
143-->src\main\AndroidManifest.xml:30:27-73
144            </intent-filter>
145        </activity>
146        <activity
146-->src\main\AndroidManifest.xml:133:9-142:20
147            android:name="com.example.ebridge.SchedulesActivity"
147-->src\main\AndroidManifest.xml:134:13-46
148            android:exported="true"
148-->src\main\AndroidManifest.xml:135:13-36
149            android:label="@string/app_name" >
149-->src\main\AndroidManifest.xml:136:13-45
150            <intent-filter>
150-->src\main\AndroidManifest.xml:27:13-31:29
151                <action android:name="android.intent.action.VIEW" />
151-->src\main\AndroidManifest.xml:28:17-69
151-->src\main\AndroidManifest.xml:28:25-66
152
153                <category android:name="android.intent.category.DEFAULT" />
153-->src\main\AndroidManifest.xml:30:17-76
153-->src\main\AndroidManifest.xml:30:27-73
154            </intent-filter>
155        </activity>
156        <activity
156-->src\main\AndroidManifest.xml:143:9-152:20
157            android:name="com.example.ebridge.SubjectsActivity"
157-->src\main\AndroidManifest.xml:144:13-45
158            android:exported="true"
158-->src\main\AndroidManifest.xml:145:13-36
159            android:label="@string/app_name" >
159-->src\main\AndroidManifest.xml:146:13-45
160            <intent-filter>
160-->src\main\AndroidManifest.xml:27:13-31:29
161                <action android:name="android.intent.action.VIEW" />
161-->src\main\AndroidManifest.xml:28:17-69
161-->src\main\AndroidManifest.xml:28:25-66
162
163                <category android:name="android.intent.category.DEFAULT" />
163-->src\main\AndroidManifest.xml:30:17-76
163-->src\main\AndroidManifest.xml:30:27-73
164            </intent-filter>
165        </activity>
166        <activity
166-->[com.google.firebase:firebase-auth:19.2.0] AndroidManifest.xml:24:9-31:50
167            android:name="com.google.firebase.auth.internal.FederatedSignInActivity"
167-->[com.google.firebase:firebase-auth:19.2.0] AndroidManifest.xml:25:13-85
168            android:excludeFromRecents="true"
168-->[com.google.firebase:firebase-auth:19.2.0] AndroidManifest.xml:26:13-46
169            android:exported="true"
169-->[com.google.firebase:firebase-auth:19.2.0] AndroidManifest.xml:27:13-36
170            android:launchMode="singleTask"
170-->[com.google.firebase:firebase-auth:19.2.0] AndroidManifest.xml:28:13-44
171            android:permission="com.google.firebase.auth.api.gms.permission.LAUNCH_FEDERATED_SIGN_IN"
171-->[com.google.firebase:firebase-auth:19.2.0] AndroidManifest.xml:29:13-102
172            android:theme="@android:style/Theme.Translucent.NoTitleBar" />
172-->[com.google.firebase:firebase-auth:19.2.0] AndroidManifest.xml:30:13-72
173
174        <service
174-->[com.google.firebase:firebase-auth:19.2.0] AndroidManifest.xml:33:9-39:19
175            android:name="com.google.firebase.components.ComponentDiscoveryService"
175-->[com.google.firebase:firebase-auth:19.2.0] AndroidManifest.xml:34:13-84
176            android:directBootAware="true"
176-->[com.google.firebase:firebase-common:20.2.0] AndroidManifest.xml:34:13-43
177            android:exported="false" >
177-->[com.google.firebase:firebase-auth:19.2.0] AndroidManifest.xml:35:13-37
178            <meta-data
178-->[com.google.firebase:firebase-auth:19.2.0] AndroidManifest.xml:36:13-38:85
179                android:name="com.google.firebase.components:com.google.firebase.auth.FirebaseAuthRegistrar"
179-->[com.google.firebase:firebase-auth:19.2.0] AndroidManifest.xml:37:17-109
180                android:value="com.google.firebase.components.ComponentRegistrar" />
180-->[com.google.firebase:firebase-auth:19.2.0] AndroidManifest.xml:38:17-82
181            <meta-data
181-->[com.google.firebase:firebase-common-ktx:20.0.0] AndroidManifest.xml:15:13-17:85
182                android:name="com.google.firebase.components:com.google.firebase.ktx.FirebaseCommonKtxRegistrar"
182-->[com.google.firebase:firebase-common-ktx:20.0.0] AndroidManifest.xml:16:17-113
183                android:value="com.google.firebase.components.ComponentRegistrar" />
183-->[com.google.firebase:firebase-common-ktx:20.0.0] AndroidManifest.xml:17:17-82
184            <meta-data
184-->[com.google.firebase:firebase-database:20.1.0] AndroidManifest.xml:31:13-33:85
185                android:name="com.google.firebase.components:com.google.firebase.database.DatabaseRegistrar"
185-->[com.google.firebase:firebase-database:20.1.0] AndroidManifest.xml:32:17-109
186                android:value="com.google.firebase.components.ComponentRegistrar" />
186-->[com.google.firebase:firebase-database:20.1.0] AndroidManifest.xml:33:17-82
187        </service>
188
189        <activity
189-->[com.google.android.gms:play-services-base:18.0.1] AndroidManifest.xml:20:9-22:45
190            android:name="com.google.android.gms.common.api.GoogleApiActivity"
190-->[com.google.android.gms:play-services-base:18.0.1] AndroidManifest.xml:20:19-85
191            android:exported="false"
191-->[com.google.android.gms:play-services-base:18.0.1] AndroidManifest.xml:22:19-43
192            android:theme="@android:style/Theme.Translucent.NoTitleBar" />
192-->[com.google.android.gms:play-services-base:18.0.1] AndroidManifest.xml:21:19-78
193
194        <provider
194-->[com.google.firebase:firebase-common:20.2.0] AndroidManifest.xml:25:9-30:39
195            android:name="com.google.firebase.provider.FirebaseInitProvider"
195-->[com.google.firebase:firebase-common:20.2.0] AndroidManifest.xml:26:13-77
196            android:authorities="com.example.ebridge.firebaseinitprovider"
196-->[com.google.firebase:firebase-common:20.2.0] AndroidManifest.xml:27:13-72
197            android:directBootAware="true"
197-->[com.google.firebase:firebase-common:20.2.0] AndroidManifest.xml:28:13-43
198            android:exported="false"
198-->[com.google.firebase:firebase-common:20.2.0] AndroidManifest.xml:29:13-37
199            android:initOrder="100" />
199-->[com.google.firebase:firebase-common:20.2.0] AndroidManifest.xml:30:13-36
200
201        <meta-data
201-->[com.google.android.gms:play-services-basement:18.1.0] AndroidManifest.xml:21:9-23:69
202            android:name="com.google.android.gms.version"
202-->[com.google.android.gms:play-services-basement:18.1.0] AndroidManifest.xml:22:13-58
203            android:value="@integer/google_play_services_version" />
203-->[com.google.android.gms:play-services-basement:18.1.0] AndroidManifest.xml:23:13-66
204
205        <provider
205-->[androidx.emoji2:emoji2:1.0.0] AndroidManifest.xml:26:9-34:20
206            android:name="androidx.startup.InitializationProvider"
206-->[androidx.emoji2:emoji2:1.0.0] AndroidManifest.xml:27:13-67
207            android:authorities="com.example.ebridge.androidx-startup"
207-->[androidx.emoji2:emoji2:1.0.0] AndroidManifest.xml:28:13-68
208            android:exported="false" >
208-->[androidx.emoji2:emoji2:1.0.0] AndroidManifest.xml:29:13-37
209            <meta-data
209-->[androidx.emoji2:emoji2:1.0.0] AndroidManifest.xml:31:13-33:52
210                android:name="androidx.emoji2.text.EmojiCompatInitializer"
210-->[androidx.emoji2:emoji2:1.0.0] AndroidManifest.xml:32:17-75
211                android:value="androidx.startup" />
211-->[androidx.emoji2:emoji2:1.0.0] AndroidManifest.xml:33:17-49
212            <meta-data
212-->[androidx.lifecycle:lifecycle-process:2.4.0] AndroidManifest.xml:31:13-33:52
213                android:name="androidx.lifecycle.ProcessLifecycleInitializer"
213-->[androidx.lifecycle:lifecycle-process:2.4.0] AndroidManifest.xml:32:17-78
214                android:value="androidx.startup" />
214-->[androidx.lifecycle:lifecycle-process:2.4.0] AndroidManifest.xml:33:17-49
215        </provider>
216
217        <uses-library
217-->[androidx.window:window:1.0.0] AndroidManifest.xml:25:9-27:40
218            android:name="androidx.window.extensions"
218-->[androidx.window:window:1.0.0] AndroidManifest.xml:26:13-54
219            android:required="false" />
219-->[androidx.window:window:1.0.0] AndroidManifest.xml:27:13-37
220        <uses-library
220-->[androidx.window:window:1.0.0] AndroidManifest.xml:28:9-30:40
221            android:name="androidx.window.sidecar"
221-->[androidx.window:window:1.0.0] AndroidManifest.xml:29:13-51
222            android:required="false" />
222-->[androidx.window:window:1.0.0] AndroidManifest.xml:30:13-37
223    </application>
224
225</manifest>